0 info it worked if it ends with ok
1 verbose cli [ 'node', '/usr/local/bin/npm', 'install', '-g', 'servedir' ]
2 info using npm@1.4.28
3 info using node@v0.10.32
4 verbose cache add [ 'servedir', null ]
5 verbose cache add name=undefined spec="servedir" args=["servedir",null]
6 verbose parsed url { protocol: null,
6 verbose parsed url   slashes: null,
6 verbose parsed url   auth: null,
6 verbose parsed url   host: null,
6 verbose parsed url   port: null,
6 verbose parsed url   hostname: null,
6 verbose parsed url   hash: null,
6 verbose parsed url   search: null,
6 verbose parsed url   query: null,
6 verbose parsed url   pathname: 'servedir',
6 verbose parsed url   path: 'servedir',
6 verbose parsed url   href: 'servedir' }
7 silly lockFile 371a0e72-servedir servedir
8 verbose lock servedir /Users/samuelsnyder/.npm/371a0e72-servedir.lock
9 silly lockFile 371a0e72-servedir servedir
10 silly lockFile 371a0e72-servedir servedir
11 verbose addNamed [ 'servedir', '' ]
12 verbose addNamed [ null, '*' ]
13 silly lockFile 178d16a2-servedir servedir@
14 verbose lock servedir@ /Users/samuelsnyder/.npm/178d16a2-servedir.lock
15 silly addNameRange { name: 'servedir', range: '*', hasData: false }
16 verbose request where is /servedir
17 verbose request registry https://registry.npmjs.org/
18 verbose request id cca5f07efa496be4
19 verbose url raw /servedir
20 verbose url resolving [ 'https://registry.npmjs.org/', './servedir' ]
21 verbose url resolved https://registry.npmjs.org/servedir
22 verbose request where is https://registry.npmjs.org/servedir
23 info trying registry request attempt 1 at 12:08:36
24 http GET https://registry.npmjs.org/servedir
25 http 200 https://registry.npmjs.org/servedir
26 silly registry.get cb [ 200,
26 silly registry.get   { date: 'Thu, 23 Oct 2014 19:08:37 GMT',
26 silly registry.get     server: 'CouchDB/1.5.0 (Erlang OTP/R16B03)',
26 silly registry.get     etag: '"5BTKUG3OJYYRGT14V6W6PXGU4"',
26 silly registry.get     'content-type': 'application/json',
26 silly registry.get     'cache-control': 'max-age=60',
26 silly registry.get     'content-length': '13367',
26 silly registry.get     'accept-ranges': 'bytes',
26 silly registry.get     via: '1.1 varnish',
26 silly registry.get     age: '0',
26 silly registry.get     'x-served-by': 'cache-sjc3121-SJC',
26 silly registry.get     'x-cache': 'MISS',
26 silly registry.get     'x-cache-hits': '0',
26 silly registry.get     'x-timer': 'S1414091317.243059,VS0,VE63',
26 silly registry.get     vary: 'Accept',
26 silly registry.get     'keep-alive': 'timeout=10, max=50',
26 silly registry.get     connection: 'Keep-Alive' } ]
27 silly addNameRange number 2 { name: 'servedir', range: '*', hasData: true }
28 silly addNameRange versions [ 'servedir',
28 silly addNameRange   [ '0.0.1',
28 silly addNameRange     '0.0.2',
28 silly addNameRange     '0.1.2',
28 silly addNameRange     '0.1.3',
28 silly addNameRange     '0.1.4',
28 silly addNameRange     '0.1.5',
28 silly addNameRange     '0.1.9',
28 silly addNameRange     '0.1.10',
28 silly addNameRange     '0.2.0',
28 silly addNameRange     '0.2.1',
28 silly addNameRange     '0.2.2' ] ]
29 verbose addNamed [ 'servedir', '0.2.2' ]
30 verbose addNamed [ '0.2.2', '0.2.2' ]
31 silly lockFile 099bed87-servedir-0-2-2 servedir@0.2.2
32 verbose lock servedir@0.2.2 /Users/samuelsnyder/.npm/099bed87-servedir-0-2-2.lock
33 silly lockFile c93c4f58--org-servedir-servedir-0-2-2-tgz https://registry.npmjs.org/servedir/-/servedir-0.2.2.tgz
34 verbose lock https://registry.npmjs.org/servedir/-/servedir-0.2.2.tgz /Users/samuelsnyder/.npm/c93c4f58--org-servedir-servedir-0-2-2-tgz.lock
35 verbose addRemoteTarball [ 'https://registry.npmjs.org/servedir/-/servedir-0.2.2.tgz',
35 verbose addRemoteTarball   '16526f635fc4d921b4f8f3beb40629be2f9f6600' ]
36 info retry fetch attempt 1 at 12:08:37
37 verbose fetch to= /var/folders/3p/qp72r9gs7jqchypvp22cd3_40000gn/T/npm-2877-QLJC1-CS/registry.npmjs.org/servedir/-/servedir-0.2.2.tgz
38 http GET https://registry.npmjs.org/servedir/-/servedir-0.2.2.tgz
39 http 200 https://registry.npmjs.org/servedir/-/servedir-0.2.2.tgz
40 silly lockFile c93c4f58--org-servedir-servedir-0-2-2-tgz https://registry.npmjs.org/servedir/-/servedir-0.2.2.tgz
41 silly lockFile c93c4f58--org-servedir-servedir-0-2-2-tgz https://registry.npmjs.org/servedir/-/servedir-0.2.2.tgz
42 silly lockFile 099bed87-servedir-0-2-2 servedir@0.2.2
43 silly lockFile 099bed87-servedir-0-2-2 servedir@0.2.2
44 silly lockFile 178d16a2-servedir servedir@
45 silly lockFile 178d16a2-servedir servedir@
46 silly resolved [ { name: 'servedir',
46 silly resolved     version: '0.2.2',
46 silly resolved     description: 'Creates a simple web server for a directory',
46 silly resolved     homepage: 'http://github.com/remy/servedir',
46 silly resolved     main: './lib/servedir',
46 silly resolved     keywords: [ 'development', 'web', 'server', 'terminal' ],
46 silly resolved     author: { name: 'Remy Sharp', url: 'http://github.com/remy' },
46 silly resolved     repository: { type: 'git', url: 'git://github.com/remy/servedir.git' },
46 silly resolved     bin: { servedir: './bin/servedir' },
46 silly resolved     readme: '# servedir\n\n`servedir` is a simple [Node](http://nodejs.org) web server for offline development and testing: running `servedir` from a directory will create a quick local web server. `servedir` is useful for developing scripts that require a standard web environment and can\'t use the `file://` protocol.\n\nThe annotated source code is included in the `docs/` folder.\n\n## Installation\n\nCheck out a working copy of the source code with [Git](http://git-scm.com), or install `servedir` via [npm](http://npmjs.org). The latter will also install `servedir` into the system\'s `bin` path.\n\n    $ git clone git://github.com/rem/servedir.git\n    $ npm install servedir -g\n\nAlternatively, `servedir` can be run directly from the repository using Node:\n\n    $ node bin/servedir\n    $ ./bin/servedir\n\n## Usage\n\n`servedir [path] [port]`\n\n* `path` - The location to serve files and directories from. Defaults to the current working directory.\n* `port` - The port number. Default to 8000.\n\n### Example\n\n    $ servedir ~/Documents/example 8001\n    $ servedir ~/Documents/example\n    $ servedir 8001\n    $ servedir\n\n## Contributors\n\n* [Remy Sharp](http://remysharp.com/) (author)\n* [Graham Ballantyne](http://grahamballantyne.com/)\n* [Kit Cambridge](http://kitcambridge.github.com/)\n* [Mathias Bynens](http://mathiasbynens.be/)',
46 silly resolved     _id: 'servedir@0.2.2',
46 silly resolved     dist:
46 silly resolved      { shasum: '16526f635fc4d921b4f8f3beb40629be2f9f6600',
46 silly resolved        tarball: 'http://registry.npmjs.org/servedir/-/servedir-0.2.2.tgz' },
46 silly resolved     _npmVersion: '1.1.61',
46 silly resolved     _npmUser: { name: 'kitcambridge', email: 'kit.cambridge@voxer.com' },
46 silly resolved     maintainers: [ [Object], [Object], [Object] ],
46 silly resolved     directories: {},
46 silly resolved     _shasum: '16526f635fc4d921b4f8f3beb40629be2f9f6600',
46 silly resolved     _from: 'servedir@',
46 silly resolved     _resolved: 'https://registry.npmjs.org/servedir/-/servedir-0.2.2.tgz' } ]
47 info install servedir@0.2.2 into /usr/local/lib
48 info installOne servedir@0.2.2
49 verbose lib/node_modules/servedir unbuild
50 verbose tar unpack /Users/samuelsnyder/.npm/servedir/0.2.2/package.tgz
51 silly lockFile 77dd6db5--local-lib-node-modules-servedir tar:///usr/local/lib/node_modules/servedir
52 verbose lock tar:///usr/local/lib/node_modules/servedir /Users/samuelsnyder/.npm/77dd6db5--local-lib-node-modules-servedir.lock
53 silly lockFile 1b349596-r-npm-servedir-0-2-2-package-tgz tar:///Users/samuelsnyder/.npm/servedir/0.2.2/package.tgz
54 verbose lock tar:///Users/samuelsnyder/.npm/servedir/0.2.2/package.tgz /Users/samuelsnyder/.npm/1b349596-r-npm-servedir-0-2-2-package-tgz.lock
55 silly gunzTarPerm modes [ '755', '644' ]
56 error Error: EACCES, mkdir '/usr/local/lib/node_modules/servedir'
56 error  { [Error: EACCES, mkdir '/usr/local/lib/node_modules/servedir']
56 error   errno: 3,
56 error   code: 'EACCES',
56 error   path: '/usr/local/lib/node_modules/servedir',
56 error   fstream_type: 'Directory',
56 error   fstream_path: '/usr/local/lib/node_modules/servedir',
56 error   fstream_class: 'DirWriter',
56 error   fstream_stack:
56 error    [ '/usr/local/lib/node_modules/npm/node_modules/fstream/lib/dir-writer.js:36:23',
56 error      '/usr/local/lib/node_modules/npm/node_modules/mkdirp/index.js:46:53',
56 error      'Object.oncomplete (fs.js:107:15)' ] }
57 error Please try running this command again as root/Administrator.
58 error System Darwin 14.0.0
59 error command "node" "/usr/local/bin/npm" "install" "-g" "servedir"
60 error cwd /Users/samuelsnyder/Desktop/Interview Project
61 error node -v v0.10.32
62 error npm -v 1.4.28
63 error path /usr/local/lib/node_modules/servedir
64 error fstream_path /usr/local/lib/node_modules/servedir
65 error fstream_type Directory
66 error fstream_class DirWriter
67 error code EACCES
68 error errno 3
69 error stack Error: EACCES, mkdir '/usr/local/lib/node_modules/servedir'
70 error fstream_stack /usr/local/lib/node_modules/npm/node_modules/fstream/lib/dir-writer.js:36:23
70 error fstream_stack /usr/local/lib/node_modules/npm/node_modules/mkdirp/index.js:46:53
70 error fstream_stack Object.oncomplete (fs.js:107:15)
71 verbose exit [ 3, true ]
